<?xml version="1.0" encoding="UTF-8"?>
<!-- Generated by org.testng.reporters.JUnitReportReporter -->
<testsuite ignored="1" hostname="INLEN8520046722" failures="0" tests="1" name="com.app.tests.AppTests" time="25.809" errors="0" timestamp="09 Jan 2023 12:58:52 GMT" skipped="0">
  <testcase classname="com.app.tests.AppTests" name="scenario4" time="25.809"/>
  <testcase classname="com.app.tests.AppTests" name="scenario1">
    <skipped/>
  </testcase> <!-- scenario1 -->
</testsuite> <!-- com.app.tests.AppTests -->
